Using pre-set license
Built from '2020.3/release' branch; Version is '2020.3.2f1 (8fd9074bf66c) revision 9427207'; Using compiler version '192528614'; Build Type 'Release'
OS: 'Windows 10 Pro; OS build 19042.867; Version 2009; 64bit' Language: 'da' Physical Memory: 16328 MB
BatchMode: 1, IsHumanControllingUs: 0, StartBugReporterOnCrash: 0, Is64bit: 1, IsPro: 0

 COMMAND LINE ARGUMENTS:
C:\Program Files\Unity\Hub\Editor\2020.3.2f1\Editor\Unity.exe
-adb2
-batchMode
-noUpm
-name
AssetImportWorker0
-projectPath
C:/Users/Elvis Pisley/Slotmachine
-logFile
Logs/AssetImportWorker0.log
-srvPort
61438
Successfully changed project path to: C:/Users/Elvis Pisley/Slotmachine
C:/Users/Elvis Pisley/Slotmachine
Using Asset Import Pipeline V2.
Refreshing native plugins compatible for Editor in 54.73 ms, found 1 plugins.
Preloading 0 native plugins for Editor in 0.00 ms.
Initialize engine version: 2020.3.2f1 (8fd9074bf66c)
[Subsystems] Discovering subsystems at path C:/Program Files/Unity/Hub/Editor/2020.3.2f1/Editor/Data/Resources/UnitySubsystems
[Subsystems] Discovering subsystems at path C:/Users/Elvis Pisley/Slotmachine/Assets
GfxDevice: creating device client; threaded=0
Direct3D:
    Version:  Direct3D 11.0 [level 11.1]
    Renderer: NVIDIA GeForce GTX 1070 (ID=0x1b81)
    Vendor:   
    VRAM:     8088 MB
    Driver:   27.21.14.6140
Initialize mono
Mono path[0] = 'C:/Program Files/Unity/Hub/Editor/2020.3.2f1/Editor/Data/Managed'
Mono path[1] = 'C:/Program Files/Unity/Hub/Editor/2020.3.2f1/Editor/Data/MonoBleedingEdge/lib/mono/unityjit'
Mono config path = 'C:/Program Files/Unity/Hub/Editor/2020.3.2f1/Editor/Data/MonoBleedingEdge/etc'
Using monoOptions --debugger-agent=transport=dt_socket,embedding=1,server=y,suspend=n,address=127.0.0.1:56836
Begin MonoManager ReloadAssembly
Registering precompiled unity dll's ...
Register platform support module: C:/Program Files/Unity/Hub/Editor/2020.3.2f1/Editor/Data/PlaybackEngines/WebGLSupport/UnityEditor.WebGL.Extensions.dll
Register platform support module: C:/Program Files/Unity/Hub/Editor/2020.3.2f1/Editor/Data/PlaybackEngines/WindowsStandaloneSupport/UnityEditor.WindowsStandalone.Extensions.dll
Registered in 0.003731 seconds.
Native extension for WindowsStandalone target not found
Native extension for WebGL target not found
Refreshing native plugins compatible for Editor in 35.78 ms, found 1 plugins.
Preloading 0 native plugins for Editor in 0.00 ms.
Invoked RoslynAnalysisRunner static constructor.
RoslynAnalysisRunner will not be running.
RoslynAnalysisRunner has terminated.
Mono: successfully reloaded assembly
- Completed reload, in  2.898 seconds
Platform modules already initialized, skipping
Registering precompiled user dll's ...
Registered in 0.001875 seconds.
Begin MonoManager ReloadAssembly
Native extension for WindowsStandalone target not found
Native extension for WebGL target not found
Refreshing native plugins compatible for Editor in 33.11 ms, found 1 plugins.
Preloading 0 native plugins for Editor in 0.00 ms.
Invoked RoslynAnalysisRunner static constructor.
RoslynAnalysisRunner will not be running.
RoslynAnalysisRunner has terminated.
Mono: successfully reloaded assembly
- Completed reload, in  0.876 seconds
Platform modules already initialized, skipping
========================================================================
Worker process is ready to serve import requests
Launched and connected shader compiler UnityShaderCompiler.exe after 0.04 seconds
Refreshing native plugins compatible for Editor in 0.32 ms, found 1 plugins.
Preloading 0 native plugins for Editor in 0.00 ms.
Unloading 1808 Unused Serialized files (Serialized files now loaded: 0)
System memory in use before: 84.8 MB.
System memory in use after: 84.7 MB.

Unloading 24 unused Assets to reduce memory usage. Loaded Objects now: 2250.
Total: 2.419200 ms (FindLiveObjects: 0.161000 ms CreateObjectMapping: 0.062200 ms MarkObjects: 1.792800 ms  DeleteObjects: 0.402100 ms)

========================================================================
Received Import Request.
  path: Assets/Scenes/Background.png
  artifactKey: Guid(70adf30ff0ecb8345bdb6463cad02efe) Importer(815301076,1909f56bfc062723c751e8b465ee728b)
Start importing Assets/Scenes/Background.png using Guid(70adf30ff0ecb8345bdb6463cad02efe) Importer(815301076,1909f56bfc062723c751e8b465ee728b)  -> (artifact id: '5fbb171224c6ca91e57e8617761f49cf') in 0.111011 seconds
  Import took 0.114020 seconds .

========================================================================
Received Import Request.
  Time since last request: 0.001289 seconds.
  path: Assets/Scenes/Background.png
  artifactKey: Guid(70adf30ff0ecb8345bdb6463cad02efe) Importer(815301076,1909f56bfc062723c751e8b465ee728b)
Start importing Assets/Scenes/Background.png using Guid(70adf30ff0ecb8345bdb6463cad02efe) Importer(815301076,1909f56bfc062723c751e8b465ee728b)  -> (artifact id: '5fbb171224c6ca91e57e8617761f49cf') in 0.012245 seconds
  Import took 0.015379 seconds .

========================================================================
Received Import Request.
  Time since last request: 344.722389 seconds.
  path: Assets/Scenes/slots.png
  artifactKey: Guid(bca05be1656df4c4e9796f140343f6ed) Importer(815301076,1909f56bfc062723c751e8b465ee728b)
Start importing Assets/Scenes/slots.png using Guid(bca05be1656df4c4e9796f140343f6ed) Importer(815301076,1909f56bfc062723c751e8b465ee728b)  -> (artifact id: 'a01c97811dac6edcc09713c09ba2cd58') in 0.017659 seconds
  Import took 0.022487 seconds .

========================================================================
Received Import Request.
  Time since last request: 0.002351 seconds.
  path: Assets/Scenes/slots.png
  artifactKey: Guid(bca05be1656df4c4e9796f140343f6ed) Importer(815301076,1909f56bfc062723c751e8b465ee728b)
Start importing Assets/Scenes/slots.png using Guid(bca05be1656df4c4e9796f140343f6ed) Importer(815301076,1909f56bfc062723c751e8b465ee728b)  -> (artifact id: 'a01c97811dac6edcc09713c09ba2cd58') in 0.018974 seconds
  Import took 0.021584 seconds .

========================================================================
Received Import Request.
  Time since last request: 67.893997 seconds.
  path: Assets/Scenes/Background.png
  artifactKey: Guid(70adf30ff0ecb8345bdb6463cad02efe) Importer(815301076,1909f56bfc062723c751e8b465ee728b)
Start importing Assets/Scenes/Background.png using Guid(70adf30ff0ecb8345bdb6463cad02efe) Importer(815301076,1909f56bfc062723c751e8b465ee728b)  -> (artifact id: '9bde5da8a5f3cf29c78ef55f8627beb8') in 0.013040 seconds
  Import took 0.017044 seconds .

========================================================================
Received Import Request.
  Time since last request: 49.569487 seconds.
  path: Packages/com.unity.2d.animation
  artifactKey: Guid(bb5c94055a953b6081dfc49350569eb1) Importer(815301076,1909f56bfc062723c751e8b465ee728b)
Start importing Packages/com.unity.2d.animation using Guid(bb5c94055a953b6081dfc49350569eb1) Importer(815301076,1909f56bfc062723c751e8b465ee728b)  -> (artifact id: 'b309bf74f5fe69dcb9ad16d9b4fb88c8') in 0.007082 seconds
  Import took 0.010024 seconds .

========================================================================
Received Import Request.
  Time since last request: 0.236209 seconds.
  path: Packages/com.unity.2d.animation/package.json
  artifactKey: Guid(9e83c20a8293f44ec8a375d3805f477d) Importer(815301076,1909f56bfc062723c751e8b465ee728b)
Start importing Packages/com.unity.2d.animation/package.json using Guid(9e83c20a8293f44ec8a375d3805f477d) Importer(815301076,1909f56bfc062723c751e8b465ee728b)  -> (artifact id: 'b7ea69136f1f2383f90d5b9e3cd1995d') in 0.017645 seconds
  Import took 0.020477 seconds .

========================================================================
Received Import Request.
  Time since last request: 3.418032 seconds.
  path: Packages/com.unity.2d.animation/IK/Editor/Unity.2D.IK.Editor.asmdef
  artifactKey: Guid(4237adb6ac177124b8f4a94835b7b4d0) Importer(815301076,1909f56bfc062723c751e8b465ee728b)
Start importing Packages/com.unity.2d.animation/IK/Editor/Unity.2D.IK.Editor.asmdef using Guid(4237adb6ac177124b8f4a94835b7b4d0) Importer(815301076,1909f56bfc062723c751e8b465ee728b)  -> (artifact id: '7baad5fea0a07dfcf8c192d9f3d01dc7') in 0.006979 seconds
  Import took 0.009758 seconds .

========================================================================
Received Import Request.
  Time since last request: 92.057151 seconds.
  path: Assets/Arts
  artifactKey: Guid(bd4b06865944af04ba2675f9d94dc3e4) Importer(815301076,1909f56bfc062723c751e8b465ee728b)
Start importing Assets/Arts using Guid(bd4b06865944af04ba2675f9d94dc3e4) Importer(815301076,1909f56bfc062723c751e8b465ee728b)  -> (artifact id: '8ccd1dea8557549f872d5adcde7ebb1b') in 0.006419 seconds
  Import took 0.009065 seconds .

========================================================================
Received Import Request.
  Time since last request: 26.035424 seconds.
  path: Assets/Arts/Background.png
  artifactKey: Guid(4b1d0c2536dd388479d8881f239814e3) Importer(815301076,1909f56bfc062723c751e8b465ee728b)
Start importing Assets/Arts/Background.png using Guid(4b1d0c2536dd388479d8881f239814e3) Importer(815301076,1909f56bfc062723c751e8b465ee728b)  -> (artifact id: 'a55cf5d3e7587f26622d3d1fee6adf4b') in 0.013203 seconds
  Import took 0.016741 seconds .

========================================================================
Received Import Request.
  Time since last request: 0.000218 seconds.
  path: Assets/Arts/slots.png
  artifactKey: Guid(0f2c466ca11d9c544b9eb321ab34b060) Importer(815301076,1909f56bfc062723c751e8b465ee728b)
Start importing Assets/Arts/slots.png using Guid(0f2c466ca11d9c544b9eb321ab34b060) Importer(815301076,1909f56bfc062723c751e8b465ee728b)  -> (artifact id: '4fe60ede3cc5b4f72b7d6a625cd52d3f') in 0.019048 seconds
  Import took 0.021769 seconds .

AssetImportWorkerClient::OnTransportError - code=2 error=End of file
